0 info it worked if it ends with ok
1 verbose cli [ 'C:\\Program Files\\nodejs\\\\node.exe',
1 verbose cli   'C:\\Program Files\\nodejs\\node_modules\\npm\\bin\\npm-cli.js',
1 verbose cli   'run',
1 verbose cli   'commit' ]
2 info using npm@2.10.1
3 info using node@v0.12.4
4 verbose run-script [ 'precommit', 'commit', 'postcommit' ]
5 info precommit starwars-names-zhengyang@0.0.0-semantically-released
6 info commit starwars-names-zhengyang@0.0.0-semantically-released
7 verbose unsafe-perm in lifecycle true
8 info starwars-names-zhengyang@0.0.0-semantically-released Failed to exec commit script
9 verbose stack Error: starwars-names-zhengyang@0.0.0-semantically-released commit: `git-cz`
9 verbose stack Exit status 1
9 verbose stack     at EventEmitter.<anonymous> (C:\Program Files\nodejs\node_modules\npm\lib\utils\lifecycle.js:213:16)
9 verbose stack     at EventEmitter.emit (events.js:110:17)
9 verbose stack     at ChildProcess.<anonymous> (C:\Program Files\nodejs\node_modules\npm\lib\utils\spawn.js:24:14)
9 verbose stack     at ChildProcess.emit (events.js:110:17)
9 verbose stack     at maybeClose (child_process.js:1015:16)
9 verbose stack     at Process.ChildProcess._handle.onexit (child_process.js:1087:5)
10 verbose pkgid starwars-names-zhengyang@0.0.0-semantically-released
11 verbose cwd C:\Users\Zheng Yang\Desktop\star-wars\starwars-names
12 error Windows_NT 6.3.9600
13 error argv "C:\\Program Files\\nodejs\\\\node.exe" "C:\\Program Files\\nodejs\\node_modules\\npm\\bin\\npm-cli.js" "run" "commit"
14 error node v0.12.4
15 error npm  v2.10.1
16 error code ELIFECYCLE
17 error starwars-names-zhengyang@0.0.0-semantically-released commit: `git-cz`
17 error Exit status 1
18 error Failed at the starwars-names-zhengyang@0.0.0-semantically-released commit script 'git-cz'.
18 error This is most likely a problem with the starwars-names-zhengyang package,
18 error not with npm itself.
18 error Tell the author that this fails on your system:
18 error     git-cz
18 error You can get their info via:
18 error     npm owner ls starwars-names-zhengyang
18 error There is likely additional logging output above.
19 verbose exit [ 1, true ]
